iMPACT Version: 11.1

iMPACT log file Started on Wed Dec 29 17:27:21 2010

Welcome to iMPACT
iMPACT Version: 11.1
Project: '/home/shimane//auto_project.ipf' already exists.
Original project has been renamed to '/home/shimane//auto_project_1.ipf'.
Project: /home/shimane//auto_project.ipf created.
// *** BATCH CMD : setMode -bs
// *** BATCH CMD : setMode -bs
// *** BATCH CMD : setMode -bs
// *** BATCH CMD : setMode -bs
GUI --- Auto connect to cable...
// *** BATCH CMD : setCable -port auto
AutoDetecting cable. Please wait.
PROGRESS_START - Starting Operation.
Reusing A0050001 key.
Reusing 24050001 key.
 OS platform = i686.
Connecting to cable (Usb Port - USB21).
Checking cable driver.
File version of /usr/Xilinx/ISE/bin/lin/xusbdfwu.hex = 1030.
File version of /usr/share/xusbdfwu.hex = 1030.
 Using libusb.
 Kernel release = 2.6.31-22-generic.
 Max current requested during enumeration is 74 mA.
Type = 0x0004.
 Cable Type = 3, Revision = 0.
 Setting cable speed to 6 MHz.
Cable connection established.
Firmware version = 1303.
File version of /usr/Xilinx/ISE/data/xusb_xlp.hex = 1303.
Firmware hex file version = 1303.
PLD file version = 0012h.
 PLD version = 0012h.
PROGRESS_END - End Operation.
Elapsed time =      1 sec.
Attempting to identify devices in the boundary-scan chain configuration...
INFO:iMPACT - Current time: 水 12 月 29 17:27:23 2010
// *** BATCH CMD : Identify 
PROGRESS_START - Starting Operation.
Identifying chain contents...'0': : Manufacturer's ID = Xilinx xc5vlx50t, Version : 8
INFO:iMPACT:1777 - 
   Reading /usr/Xilinx/ISE/virtex5/data/xc5vlx50t.bsd...
INFO:iMPACT:501 - '1': Added Device xc5vlx50t successfully.
----------------------------------------------------------------------
----------------------------------------------------------------------
'1': : Manufacturer's ID = Xilinx xcf16p, Version : 14
INFO:iMPACT:1777 - 
   Reading /usr/Xilinx/ISE/xcfp/data/xcf16p.bsd...
INFO:iMPACT:501 - '1': Added Device xcf16p successfully.
----------------------------------------------------------------------
----------------------------------------------------------------------
done.
PROGRESS_END - End Operation.
Elapsed time =      0 sec.
// *** BATCH CMD : identifyMPM 
// *** BATCH CMD : assignFile -p 2 -file "/home/shimane/mycpu/zikki/top.bit"
'2': Loading file '/home/shimane/mycpu/zikki/top.bit' ...
done.
INFO:iMPACT:2257 - Startup Clock has been changed to 'JtagClk' in the bitstream   stored in memory,
   but the original bitstream file remains unchanged.
UserID read from the bitstream file = 0xFFFFFFFF.
----------------------------------------------------------------------
INFO:iMPACT:501 - '2': Added Device xc5vlx50t successfully.
----------------------------------------------------------------------
----------------------------------------------------------------------
INFO:iMPACT - Current time: 水 12 月 29 17:27:46 2010
// *** BATCH CMD : Program -p 2 
Maximum TCK operating frequency for this device chain: 15000000.
Validating chain...
Boundary-scan chain validated successfully.
2: Device Temperature: Current Reading: -273.00 C
2: VCCINT Supply: Current Reading:   0.000 V
2: VCCAUX Supply: Current Reading:   0.000 V
PROGRESS_START - Starting Operation.
'2': Programming device...
 Match_cycle = NoWait.
Match cycle: NoWait
done.
INFO:iMPACT:2219 - Status register values:
INFO:iMPACT - 0011 1111 0011 1110 0000 1011 1100 0000 
INFO:iMPACT:579 - '2': Completed downloading bit file to device.
INFO:iMPACT - '2': Programing completed successfully.
 Match_cycle = NoWait.
Match cycle: NoWait
INFO:iMPACT - '2': Checking done pin....done.
'2': Programmed successfully.
PROGRESS_END - End Operation.
Elapsed time =      4 sec.
INFO:iMPACT - Current time: 水 12 月 29 17:28:41 2010
// *** BATCH CMD : Program -p 2 
Maximum TCK operating frequency for this device chain: 15000000.
Validating chain...
Boundary-scan chain validated successfully.
2: Device Temperature: Current Reading: -273.00 C
2: VCCINT Supply: Current Reading:   0.000 V
2: VCCAUX Supply: Current Reading:   0.000 V
PROGRESS_START - Starting Operation.
'2': Programming device...
 Match_cycle = NoWait.
Match cycle: NoWait
done.
INFO:iMPACT:2219 - Status register values:
INFO:iMPACT - 0011 1111 0011 1110 0000 1011 1100 0000 
INFO:iMPACT:579 - '2': Completed downloading bit file to device.
INFO:iMPACT - '2': Programing completed successfully.
 Match_cycle = NoWait.
Match cycle: NoWait
INFO:iMPACT - '2': Checking done pin....done.
'2': Programmed successfully.
PROGRESS_END - End Operation.
Elapsed time =      4 sec.
INFO:iMPACT - Current time: 水 12 月 29 21:16:55 2010
Updating config file /home/shimane/mycpu/zikki/top.bit...
INFO:iMPACT:2257 - Startup Clock has been changed to 'JtagClk' in the bitstream   stored in memory,
   but the original bitstream file remains unchanged.
// *** BATCH CMD : Program -p 2 
Maximum TCK operating frequency for this device chain: 15000000.
Validating chain...
Boundary-scan chain validated successfully.
2: Device Temperature: Current Reading: -273.00 C
2: VCCINT Supply: Current Reading:   0.000 V
2: VCCAUX Supply: Current Reading:   0.000 V
PROGRESS_START - Starting Operation.
'2': Programming device...
PROGRESS_END - End Operation.
Elapsed time =      2 sec.
// *** BATCH CMD : assignFile -p 2 -file "/home/shimane/mycpu/zikki/top.bit"
'2': Loading file '/home/shimane/mycpu/zikki/top.bit' ...
done.
UserID read from the bitstream file = 0xFFFFFFFF.
----------------------------------------------------------------------
INFO:iMPACT:501 - '2': Added Device xc5vlx50t successfully.
----------------------------------------------------------------------
----------------------------------------------------------------------
INFO:iMPACT - Current time: 水 12 月 29 21:17:13 2010
// *** BATCH CMD : Program -p 2 
Maximum TCK operating frequency for this device chain: 15000000.
Validating chain...
Boundary-scan chain validated successfully.
2: Device Temperature: Current Reading: -273.00 C
2: VCCINT Supply: Current Reading:   0.000 V
2: VCCAUX Supply: Current Reading:   0.000 V
PROGRESS_START - Starting Operation.
'2': Programming device...
 Match_cycle = NoWait.
Match cycle: NoWait
done.
INFO:iMPACT:2219 - Status register values:
INFO:iMPACT - 0011 1111 0011 1110 0000 1011 1100 0000 
INFO:iMPACT:579 - '2': Completed downloading bit file to device.
INFO:iMPACT - '2': Programing completed successfully.
 Match_cycle = NoWait.
Match cycle: NoWait
INFO:iMPACT - '2': Checking done pin....done.
'2': Programmed successfully.
PROGRESS_END - End Operation.
Elapsed time =      5 sec.
INFO:iMPACT - Current time: 水 12 月 29 21:18:55 2010
// *** BATCH CMD : Program -p 2 
Maximum TCK operating frequency for this device chain: 15000000.
Validating chain...
Boundary-scan chain validated successfully.
2: Device Temperature: Current Reading: -273.00 C
2: VCCINT Supply: Current Reading:   0.000 V
2: VCCAUX Supply: Current Reading:   0.000 V
PROGRESS_START - Starting Operation.
'2': Programming device...
 Match_cycle = NoWait.
Match cycle: NoWait
done.
INFO:iMPACT:2219 - Status register values:
INFO:iMPACT - 0011 1111 0011 1110 0000 1011 1100 0000 
INFO:iMPACT:579 - '2': Completed downloading bit file to device.
INFO:iMPACT - '2': Programing completed successfully.
 Match_cycle = NoWait.
Match cycle: NoWait
INFO:iMPACT - '2': Checking done pin....done.
'2': Programmed successfully.
PROGRESS_END - End Operation.
Elapsed time =      4 sec.
INFO:iMPACT - Current time: 水 12 月 29 21:22:05 2010
// *** BATCH CMD : Program -p 2 
Maximum TCK operating frequency for this device chain: 15000000.
Validating chain...
Boundary-scan chain validated successfully.
2: Device Temperature: Current Reading: -273.00 C
2: VCCINT Supply: Current Reading:   0.000 V
2: VCCAUX Supply: Current Reading:   0.000 V
PROGRESS_START - Starting Operation.
'2': Programming device...
 Match_cycle = NoWait.
Match cycle: NoWait
done.
INFO:iMPACT:2219 - Status register values:
INFO:iMPACT - 0011 1111 0011 1110 0000 1011 1100 0000 
INFO:iMPACT:579 - '2': Completed downloading bit file to device.
INFO:iMPACT - '2': Programing completed successfully.
 Match_cycle = NoWait.
Match cycle: NoWait
INFO:iMPACT - '2': Checking done pin....done.
'2': Programmed successfully.
PROGRESS_END - End Operation.
Elapsed time =      4 sec.
INFO:iMPACT - Current time: 木 12 月 30 13:23:15 2010
// *** BATCH CMD : Program -p 2 
Maximum TCK operating frequency for this device chain: 15000000.
Validating chain...
Boundary-scan chain validated successfully.
2: Device Temperature: Current Reading: -273.00 C
2: VCCINT Supply: Current Reading:   0.000 V
2: VCCAUX Supply: Current Reading:   0.000 V
PROGRESS_START - Starting Operation.
'2': Programming device...
 Match_cycle = NoWait.
Match cycle: NoWait
done.
INFO:iMPACT:2219 - Status register values:
INFO:iMPACT - 0011 1111 0011 1110 0000 1011 1100 0000 
INFO:iMPACT:579 - '2': Completed downloading bit file to device.
INFO:iMPACT - '2': Programing completed successfully.
 Match_cycle = NoWait.
Match cycle: NoWait
INFO:iMPACT - '2': Checking done pin....done.
'2': Programmed successfully.
PROGRESS_END - End Operation.
Elapsed time =      6 sec.
INFO:iMPACT - Current time: 木 12 月 30 13:28:45 2010
// *** BATCH CMD : Program -p 2 
Maximum TCK operating frequency for this device chain: 15000000.
Validating chain...
Boundary-scan chain validated successfully.
2: Device Temperature: Current Reading: -273.00 C
2: VCCINT Supply: Current Reading:   0.000 V
2: VCCAUX Supply: Current Reading:   0.000 V
PROGRESS_START - Starting Operation.
'2': Programming device...
 Match_cycle = NoWait.
Match cycle: NoWait
done.
INFO:iMPACT:2219 - Status register values:
INFO:iMPACT - 0011 1111 0011 1110 0000 1011 1100 0000 
INFO:iMPACT:579 - '2': Completed downloading bit file to device.
INFO:iMPACT - '2': Programing completed successfully.
 Match_cycle = NoWait.
Match cycle: NoWait
INFO:iMPACT - '2': Checking done pin....done.
'2': Programmed successfully.
PROGRESS_END - End Operation.
Elapsed time =      4 sec.
// *** BATCH CMD : deleteDevice -position 1
----------------------------------------------------------------------
// *** BATCH CMD : deleteDevice -position 1
